STATEMENT:

Geotop 2.0.0 - 31 Oct 2013

Geotop 2.0.0  is a free software and is distributed under GNU General Public License v. 3.0 <http://www.gnu.org/licenses/>
WITHOUT ANY WARRANTY; without even the implied warranty of MERCHANTABILITY or FITNESS FOR A PARTICULAR PURPOSE.


WORKING DIRECTORY: geotopsim_intercomparison/superslab_norain/

LOGFILE: geotopsim_intercomparison/superslab_norain/geotop.log
Column 1 in file geotopsim_intercomparison/superslab_norain/in/soil-classes/soil0001.txt assigned to Dz
Column 11 in file geotopsim_intercomparison/superslab_norain/in/soil-classes/soil0001.txt assigned to InitPsi
Column 4 in file geotopsim_intercomparison/superslab_norain/in/soil-classes/soil0001.txt assigned to Kv
Column 3 in file geotopsim_intercomparison/superslab_norain/in/soil-classes/soil0001.txt assigned to Kh
Column 5 in file geotopsim_intercomparison/superslab_norain/in/soil-classes/soil0001.txt assigned to vwc_r
Column 6 in file geotopsim_intercomparison/superslab_norain/in/soil-classes/soil0001.txt assigned to vwc_w
Column 7 in file geotopsim_intercomparison/superslab_norain/in/soil-classes/soil0001.txt assigned to vwc_fc
Column 8 in file geotopsim_intercomparison/superslab_norain/in/soil-classes/soil0001.txt assigned to vwc_s
Column 9 in file geotopsim_intercomparison/superslab_norain/in/soil-classes/soil0001.txt assigned to alpha
Column 10 in file geotopsim_intercomparison/superslab_norain/in/soil-classes/soil0001.txt assigned to n
Column 12 in file geotopsim_intercomparison/superslab_norain/in/soil-classes/soil0001.txt assigned to stor
Column 1 in file geotopsim_intercomparison/superslab_norain/in/soil-classes/soil0002.txt assigned to Dz
Column 11 in file geotopsim_intercomparison/superslab_norain/in/soil-classes/soil0002.txt assigned to InitPsi
Column 4 in file geotopsim_intercomparison/superslab_norain/in/soil-classes/soil0002.txt assigned to Kv
Column 3 in file geotopsim_intercomparison/superslab_norain/in/soil-classes/soil0002.txt assigned to Kh
Column 5 in file geotopsim_intercomparison/superslab_norain/in/soil-classes/soil0002.txt assigned to vwc_r
Column 6 in file geotopsim_intercomparison/superslab_norain/in/soil-classes/soil0002.txt assigned to vwc_w
Column 7 in file geotopsim_intercomparison/superslab_norain/in/soil-classes/soil0002.txt assigned to vwc_fc
Column 8 in file geotopsim_intercomparison/superslab_norain/in/soil-classes/soil0002.txt assigned to vwc_s
Column 9 in file geotopsim_intercomparison/superslab_norain/in/soil-classes/soil0002.txt assigned to alpha
Column 10 in file geotopsim_intercomparison/superslab_norain/in/soil-classes/soil0002.txt assigned to n
Column 12 in file geotopsim_intercomparison/superslab_norain/in/soil-classes/soil0002.txt assigned to stor
Column 1 in file geotopsim_intercomparison/superslab_norain/in/soil-classes/soil0003.txt assigned to Dz
Column 11 in file geotopsim_intercomparison/superslab_norain/in/soil-classes/soil0003.txt assigned to InitPsi
Column 4 in file geotopsim_intercomparison/superslab_norain/in/soil-classes/soil0003.txt assigned to Kv
Column 3 in file geotopsim_intercomparison/superslab_norain/in/soil-classes/soil0003.txt assigned to Kh
Column 5 in file geotopsim_intercomparison/superslab_norain/in/soil-classes/soil0003.txt assigned to vwc_r
Column 6 in file geotopsim_intercomparison/superslab_norain/in/soil-classes/soil0003.txt assigned to vwc_w
Column 7 in file geotopsim_intercomparison/superslab_norain/in/soil-classes/soil0003.txt assigned to vwc_fc
Column 8 in file geotopsim_intercomparison/superslab_norain/in/soil-classes/soil0003.txt assigned to vwc_s
Column 9 in file geotopsim_intercomparison/superslab_norain/in/soil-classes/soil0003.txt assigned to alpha
Column 10 in file geotopsim_intercomparison/superslab_norain/in/soil-classes/soil0003.txt assigned to n
Column 12 in file geotopsim_intercomparison/superslab_norain/in/soil-classes/soil0003.txt assigned to stor
Column 1 in file geotopsim_intercomparison/superslab_norain/in/soil-classes/soil0004.txt assigned to Dz
Column 11 in file geotopsim_intercomparison/superslab_norain/in/soil-classes/soil0004.txt assigned to InitPsi
Column 4 in file geotopsim_intercomparison/superslab_norain/in/soil-classes/soil0004.txt assigned to Kv
Column 3 in file geotopsim_intercomparison/superslab_norain/in/soil-classes/soil0004.txt assigned to Kh
Column 5 in file geotopsim_intercomparison/superslab_norain/in/soil-classes/soil0004.txt assigned to vwc_r
Column 6 in file geotopsim_intercomparison/superslab_norain/in/soil-classes/soil0004.txt assigned to vwc_w
Column 7 in file geotopsim_intercomparison/superslab_norain/in/soil-classes/soil0004.txt assigned to vwc_fc
Column 8 in file geotopsim_intercomparison/superslab_norain/in/soil-classes/soil0004.txt assigned to vwc_s
Column 9 in file geotopsim_intercomparison/superslab_norain/in/soil-classes/soil0004.txt assigned to alpha
Column 10 in file geotopsim_intercomparison/superslab_norain/in/soil-classes/soil0004.txt assigned to n
Column 12 in file geotopsim_intercomparison/superslab_norain/in/soil-classes/soil0004.txt assigned to stor
Column 1 in file geotopsim_intercomparison/superslab_norain/in/soil-classes/soil0005.txt assigned to Dz
Column 11 in file geotopsim_intercomparison/superslab_norain/in/soil-classes/soil0005.txt assigned to InitPsi
Column 4 in file geotopsim_intercomparison/superslab_norain/in/soil-classes/soil0005.txt assigned to Kv
Column 3 in file geotopsim_intercomparison/superslab_norain/in/soil-classes/soil0005.txt assigned to Kh
Column 5 in file geotopsim_intercomparison/superslab_norain/in/soil-classes/soil0005.txt assigned to vwc_r
Column 6 in file geotopsim_intercomparison/superslab_norain/in/soil-classes/soil0005.txt assigned to vwc_w
Column 7 in file geotopsim_intercomparison/superslab_norain/in/soil-classes/soil0005.txt assigned to vwc_fc
Column 8 in file geotopsim_intercomparison/superslab_norain/in/soil-classes/soil0005.txt assigned to vwc_s
Column 9 in file geotopsim_intercomparison/superslab_norain/in/soil-classes/soil0005.txt assigned to alpha
Column 10 in file geotopsim_intercomparison/superslab_norain/in/soil-classes/soil0005.txt assigned to n
Column 12 in file geotopsim_intercomparison/superslab_norain/in/soil-classes/soil0005.txt assigned to stor
Column 1 in file geotopsim_intercomparison/superslab_norain/in/soil-classes/soil0006.txt assigned to Dz
Column 11 in file geotopsim_intercomparison/superslab_norain/in/soil-classes/soil0006.txt assigned to InitPsi
Column 4 in file geotopsim_intercomparison/superslab_norain/in/soil-classes/soil0006.txt assigned to Kv
Column 3 in file geotopsim_intercomparison/superslab_norain/in/soil-classes/soil0006.txt assigned to Kh
Column 5 in file geotopsim_intercomparison/superslab_norain/in/soil-classes/soil0006.txt assigned to vwc_r
Column 6 in file geotopsim_intercomparison/superslab_norain/in/soil-classes/soil0006.txt assigned to vwc_w
Column 7 in file geotopsim_intercomparison/superslab_norain/in/soil-classes/soil0006.txt assigned to vwc_fc
Column 8 in file geotopsim_intercomparison/superslab_norain/in/soil-classes/soil0006.txt assigned to vwc_s
Column 9 in file geotopsim_intercomparison/superslab_norain/in/soil-classes/soil0006.txt assigned to alpha
Column 10 in file geotopsim_intercomparison/superslab_norain/in/soil-classes/soil0006.txt assigned to n
Column 12 in file geotopsim_intercomparison/superslab_norain/in/soil-classes/soil0006.txt assigned to stor
Column 1 in file geotopsim_intercomparison/superslab_norain/in/soil-classes/soil0007.txt assigned to Dz
Column 11 in file geotopsim_intercomparison/superslab_norain/in/soil-classes/soil0007.txt assigned to InitPsi
Column 4 in file geotopsim_intercomparison/superslab_norain/in/soil-classes/soil0007.txt assigned to Kv
Column 3 in file geotopsim_intercomparison/superslab_norain/in/soil-classes/soil0007.txt assigned to Kh
Column 5 in file geotopsim_intercomparison/superslab_norain/in/soil-classes/soil0007.txt assigned to vwc_r
Column 6 in file geotopsim_intercomparison/superslab_norain/in/soil-classes/soil0007.txt assigned to vwc_w
Column 7 in file geotopsim_intercomparison/superslab_norain/in/soil-classes/soil0007.txt assigned to vwc_fc
Column 8 in file geotopsim_intercomparison/superslab_norain/in/soil-classes/soil0007.txt assigned to vwc_s
Column 9 in file geotopsim_intercomparison/superslab_norain/in/soil-classes/soil0007.txt assigned to alpha
Column 10 in file geotopsim_intercomparison/superslab_norain/in/soil-classes/soil0007.txt assigned to n
Column 12 in file geotopsim_intercomparison/superslab_norain/in/soil-classes/soil0007.txt assigned to stor
Column 1 in file geotopsim_intercomparison/superslab_norain/in/soil-classes/soil0008.txt assigned to Dz
Column 11 in file geotopsim_intercomparison/superslab_norain/in/soil-classes/soil0008.txt assigned to InitPsi
Column 4 in file geotopsim_intercomparison/superslab_norain/in/soil-classes/soil0008.txt assigned to Kv
Column 3 in file geotopsim_intercomparison/superslab_norain/in/soil-classes/soil0008.txt assigned to Kh
Column 5 in file geotopsim_intercomparison/superslab_norain/in/soil-classes/soil0008.txt assigned to vwc_r
Column 6 in file geotopsim_intercomparison/superslab_norain/in/soil-classes/soil0008.txt assigned to vwc_w
Column 7 in file geotopsim_intercomparison/superslab_norain/in/soil-classes/soil0008.txt assigned to vwc_fc
Column 8 in file geotopsim_intercomparison/superslab_norain/in/soil-classes/soil0008.txt assigned to vwc_s
Column 9 in file geotopsim_intercomparison/superslab_norain/in/soil-classes/soil0008.txt assigned to alpha
Column 10 in file geotopsim_intercomparison/superslab_norain/in/soil-classes/soil0008.txt assigned to n
Column 12 in file geotopsim_intercomparison/superslab_norain/in/soil-classes/soil0008.txt assigned to stor
Column 1 in file geotopsim_intercomparison/superslab_norain/in/soil-classes/soil0009.txt assigned to Dz
Column 11 in file geotopsim_intercomparison/superslab_norain/in/soil-classes/soil0009.txt assigned to InitPsi
Column 4 in file geotopsim_intercomparison/superslab_norain/in/soil-classes/soil0009.txt assigned to Kv
Column 3 in file geotopsim_intercomparison/superslab_norain/in/soil-classes/soil0009.txt assigned to Kh
Column 5 in file geotopsim_intercomparison/superslab_norain/in/soil-classes/soil0009.txt assigned to vwc_r
Column 6 in file geotopsim_intercomparison/superslab_norain/in/soil-classes/soil0009.txt assigned to vwc_w
Column 7 in file geotopsim_intercomparison/superslab_norain/in/soil-classes/soil0009.txt assigned to vwc_fc
Column 8 in file geotopsim_intercomparison/superslab_norain/in/soil-classes/soil0009.txt assigned to vwc_s
Column 9 in file geotopsim_intercomparison/superslab_norain/in/soil-classes/soil0009.txt assigned to alpha
Column 10 in file geotopsim_intercomparison/superslab_norain/in/soil-classes/soil0009.txt assigned to n
Column 12 in file geotopsim_intercomparison/superslab_norain/in/soil-classes/soil0009.txt assigned to stor
Column 1 in file geotopsim_intercomparison/superslab_norain/in/soil-classes/soil0010.txt assigned to Dz
Column 11 in file geotopsim_intercomparison/superslab_norain/in/soil-classes/soil0010.txt assigned to InitPsi
Column 4 in file geotopsim_intercomparison/superslab_norain/in/soil-classes/soil0010.txt assigned to Kv
Column 3 in file geotopsim_intercomparison/superslab_norain/in/soil-classes/soil0010.txt assigned to Kh
Column 5 in file geotopsim_intercomparison/superslab_norain/in/soil-classes/soil0010.txt assigned to vwc_r
Column 6 in file geotopsim_intercomparison/superslab_norain/in/soil-classes/soil0010.txt assigned to vwc_w
Column 7 in file geotopsim_intercomparison/superslab_norain/in/soil-classes/soil0010.txt assigned to vwc_fc
Column 8 in file geotopsim_intercomparison/superslab_norain/in/soil-classes/soil0010.txt assigned to vwc_s
Column 9 in file geotopsim_intercomparison/superslab_norain/in/soil-classes/soil0010.txt assigned to alpha
Column 10 in file geotopsim_intercomparison/superslab_norain/in/soil-classes/soil0010.txt assigned to n
Column 12 in file geotopsim_intercomparison/superslab_norain/in/soil-classes/soil0010.txt assigned to stor
Column 1 in file geotopsim_intercomparison/superslab_norain/in/soil-classes/soil0011.txt assigned to Dz
Column 11 in file geotopsim_intercomparison/superslab_norain/in/soil-classes/soil0011.txt assigned to InitPsi
Column 4 in file geotopsim_intercomparison/superslab_norain/in/soil-classes/soil0011.txt assigned to Kv
Column 3 in file geotopsim_intercomparison/superslab_norain/in/soil-classes/soil0011.txt assigned to Kh
Column 5 in file geotopsim_intercomparison/superslab_norain/in/soil-classes/soil0011.txt assigned to vwc_r
Column 6 in file geotopsim_intercomparison/superslab_norain/in/soil-classes/soil0011.txt assigned to vwc_w
Column 7 in file geotopsim_intercomparison/superslab_norain/in/soil-classes/soil0011.txt assigned to vwc_fc
Column 8 in file geotopsim_intercomparison/superslab_norain/in/soil-classes/soil0011.txt assigned to vwc_s
Column 9 in file geotopsim_intercomparison/superslab_norain/in/soil-classes/soil0011.txt assigned to alpha
Column 10 in file geotopsim_intercomparison/superslab_norain/in/soil-classes/soil0011.txt assigned to n
Column 12 in file geotopsim_intercomparison/superslab_norain/in/soil-classes/soil0011.txt assigned to stor
Column 1 in file geotopsim_intercomparison/superslab_norain/in/soil-classes/soil0012.txt assigned to Dz
Column 11 in file geotopsim_intercomparison/superslab_norain/in/soil-classes/soil0012.txt assigned to InitPsi
Column 4 in file geotopsim_intercomparison/superslab_norain/in/soil-classes/soil0012.txt assigned to Kv
Column 3 in file geotopsim_intercomparison/superslab_norain/in/soil-classes/soil0012.txt assigned to Kh
Column 5 in file geotopsim_intercomparison/superslab_norain/in/soil-classes/soil0012.txt assigned to vwc_r
Column 6 in file geotopsim_intercomparison/superslab_norain/in/soil-classes/soil0012.txt assigned to vwc_w
Column 7 in file geotopsim_intercomparison/superslab_norain/in/soil-classes/soil0012.txt assigned to vwc_fc
Column 8 in file geotopsim_intercomparison/superslab_norain/in/soil-classes/soil0012.txt assigned to vwc_s
Column 9 in file geotopsim_intercomparison/superslab_norain/in/soil-classes/soil0012.txt assigned to alpha
Column 10 in file geotopsim_intercomparison/superslab_norain/in/soil-classes/soil0012.txt assigned to n
Column 12 in file geotopsim_intercomparison/superslab_norain/in/soil-classes/soil0012.txt assigned to stor
Column 1 in file geotopsim_intercomparison/superslab_norain/in/soil-classes/soil0013.txt assigned to Dz
Column 11 in file geotopsim_intercomparison/superslab_norain/in/soil-classes/soil0013.txt assigned to InitPsi
Column 4 in file geotopsim_intercomparison/superslab_norain/in/soil-classes/soil0013.txt assigned to Kv
Column 3 in file geotopsim_intercomparison/superslab_norain/in/soil-classes/soil0013.txt assigned to Kh
Column 5 in file geotopsim_intercomparison/superslab_norain/in/soil-classes/soil0013.txt assigned to vwc_r
Column 6 in file geotopsim_intercomparison/superslab_norain/in/soil-classes/soil0013.txt assigned to vwc_w
Column 7 in file geotopsim_intercomparison/superslab_norain/in/soil-classes/soil0013.txt assigned to vwc_fc
Column 8 in file geotopsim_intercomparison/superslab_norain/in/soil-classes/soil0013.txt assigned to vwc_s
Column 9 in file geotopsim_intercomparison/superslab_norain/in/soil-classes/soil0013.txt assigned to alpha
Column 10 in file geotopsim_intercomparison/superslab_norain/in/soil-classes/soil0013.txt assigned to n
Column 12 in file geotopsim_intercomparison/superslab_norain/in/soil-classes/soil0013.txt assigned to stor
Column 1 in file geotopsim_intercomparison/superslab_norain/in/soil-classes/soil0014.txt assigned to Dz
Column 11 in file geotopsim_intercomparison/superslab_norain/in/soil-classes/soil0014.txt assigned to InitPsi
Column 4 in file geotopsim_intercomparison/superslab_norain/in/soil-classes/soil0014.txt assigned to Kv
Column 3 in file geotopsim_intercomparison/superslab_norain/in/soil-classes/soil0014.txt assigned to Kh
Column 5 in file geotopsim_intercomparison/superslab_norain/in/soil-classes/soil0014.txt assigned to vwc_r
Column 6 in file geotopsim_intercomparison/superslab_norain/in/soil-classes/soil0014.txt assigned to vwc_w
Column 7 in file geotopsim_intercomparison/superslab_norain/in/soil-classes/soil0014.txt assigned to vwc_fc
Column 8 in file geotopsim_intercomparison/superslab_norain/in/soil-classes/soil0014.txt assigned to vwc_s
Column 9 in file geotopsim_intercomparison/superslab_norain/in/soil-classes/soil0014.txt assigned to alpha
Column 10 in file geotopsim_intercomparison/superslab_norain/in/soil-classes/soil0014.txt assigned to n
Column 12 in file geotopsim_intercomparison/superslab_norain/in/soil-classes/soil0014.txt assigned to stor
Column 1 in file geotopsim_intercomparison/superslab_norain/in/soil-classes/soil0015.txt assigned to Dz
Column 11 in file geotopsim_intercomparison/superslab_norain/in/soil-classes/soil0015.txt assigned to InitPsi
Column 4 in file geotopsim_intercomparison/superslab_norain/in/soil-classes/soil0015.txt assigned to Kv
Column 3 in file geotopsim_intercomparison/superslab_norain/in/soil-classes/soil0015.txt assigned to Kh
Column 5 in file geotopsim_intercomparison/superslab_norain/in/soil-classes/soil0015.txt assigned to vwc_r
Column 6 in file geotopsim_intercomparison/superslab_norain/in/soil-classes/soil0015.txt assigned to vwc_w
Column 7 in file geotopsim_intercomparison/superslab_norain/in/soil-classes/soil0015.txt assigned to vwc_fc
Column 8 in file geotopsim_intercomparison/superslab_norain/in/soil-classes/soil0015.txt assigned to vwc_s
Column 9 in file geotopsim_intercomparison/superslab_norain/in/soil-classes/soil0015.txt assigned to alpha
Column 10 in file geotopsim_intercomparison/superslab_norain/in/soil-classes/soil0015.txt assigned to n
Column 12 in file geotopsim_intercomparison/superslab_norain/in/soil-classes/soil0015.txt assigned to stor
Column 1 in file geotopsim_intercomparison/superslab_norain/in/soil-classes/soil0016.txt assigned to Dz
Column 11 in file geotopsim_intercomparison/superslab_norain/in/soil-classes/soil0016.txt assigned to InitPsi
Column 4 in file geotopsim_intercomparison/superslab_norain/in/soil-classes/soil0016.txt assigned to Kv
Column 3 in file geotopsim_intercomparison/superslab_norain/in/soil-classes/soil0016.txt assigned to Kh
Column 5 in file geotopsim_intercomparison/superslab_norain/in/soil-classes/soil0016.txt assigned to vwc_r
Column 6 in file geotopsim_intercomparison/superslab_norain/in/soil-classes/soil0016.txt assigned to vwc_w
Column 7 in file geotopsim_intercomparison/superslab_norain/in/soil-classes/soil0016.txt assigned to vwc_fc
Column 8 in file geotopsim_intercomparison/superslab_norain/in/soil-classes/soil0016.txt assigned to vwc_s
Column 9 in file geotopsim_intercomparison/superslab_norain/in/soil-classes/soil0016.txt assigned to alpha
Column 10 in file geotopsim_intercomparison/superslab_norain/in/soil-classes/soil0016.txt assigned to n
Column 12 in file geotopsim_intercomparison/superslab_norain/in/soil-classes/soil0016.txt assigned to stor
Column 1 in file geotopsim_intercomparison/superslab_norain/in/soil-classes/soil0017.txt assigned to Dz
Column 11 in file geotopsim_intercomparison/superslab_norain/in/soil-classes/soil0017.txt assigned to InitPsi
Column 4 in file geotopsim_intercomparison/superslab_norain/in/soil-classes/soil0017.txt assigned to Kv
Column 3 in file geotopsim_intercomparison/superslab_norain/in/soil-classes/soil0017.txt assigned to Kh
Column 5 in file geotopsim_intercomparison/superslab_norain/in/soil-classes/soil0017.txt assigned to vwc_r
Column 6 in file geotopsim_intercomparison/superslab_norain/in/soil-classes/soil0017.txt assigned to vwc_w
Column 7 in file geotopsim_intercomparison/superslab_norain/in/soil-classes/soil0017.txt assigned to vwc_fc
Column 8 in file geotopsim_intercomparison/superslab_norain/in/soil-classes/soil0017.txt assigned to vwc_s
Column 9 in file geotopsim_intercomparison/superslab_norain/in/soil-classes/soil0017.txt assigned to alpha
Column 10 in file geotopsim_intercomparison/superslab_norain/in/soil-classes/soil0017.txt assigned to n
Column 12 in file geotopsim_intercomparison/superslab_norain/in/soil-classes/soil0017.txt assigned to stor
Column 1 in file geotopsim_intercomparison/superslab_norain/in/soil-classes/soil0018.txt assigned to Dz
Column 11 in file geotopsim_intercomparison/superslab_norain/in/soil-classes/soil0018.txt assigned to InitPsi
Column 4 in file geotopsim_intercomparison/superslab_norain/in/soil-classes/soil0018.txt assigned to Kv
Column 3 in file geotopsim_intercomparison/superslab_norain/in/soil-classes/soil0018.txt assigned to Kh
Column 5 in file geotopsim_intercomparison/superslab_norain/in/soil-classes/soil0018.txt assigned to vwc_r
Column 6 in file geotopsim_intercomparison/superslab_norain/in/soil-classes/soil0018.txt assigned to vwc_w
Column 7 in file geotopsim_intercomparison/superslab_norain/in/soil-classes/soil0018.txt assigned to vwc_fc
Column 8 in file geotopsim_intercomparison/superslab_norain/in/soil-classes/soil0018.txt assigned to vwc_s
Column 9 in file geotopsim_intercomparison/superslab_norain/in/soil-classes/soil0018.txt assigned to alpha
Column 10 in file geotopsim_intercomparison/superslab_norain/in/soil-classes/soil0018.txt assigned to n
Column 12 in file geotopsim_intercomparison/superslab_norain/in/soil-classes/soil0018.txt assigned to stor
Column 1 in file geotopsim_intercomparison/superslab_norain/in/soil-classes/soil0019.txt assigned to Dz
Column 11 in file geotopsim_intercomparison/superslab_norain/in/soil-classes/soil0019.txt assigned to InitPsi
Column 4 in file geotopsim_intercomparison/superslab_norain/in/soil-classes/soil0019.txt assigned to Kv
Column 3 in file geotopsim_intercomparison/superslab_norain/in/soil-classes/soil0019.txt assigned to Kh
Column 5 in file geotopsim_intercomparison/superslab_norain/in/soil-classes/soil0019.txt assigned to vwc_r
Column 6 in file geotopsim_intercomparison/superslab_norain/in/soil-classes/soil0019.txt assigned to vwc_w
Column 7 in file geotopsim_intercomparison/superslab_norain/in/soil-classes/soil0019.txt assigned to vwc_fc
Column 8 in file geotopsim_intercomparison/superslab_norain/in/soil-classes/soil0019.txt assigned to vwc_s
Column 9 in file geotopsim_intercomparison/superslab_norain/in/soil-classes/soil0019.txt assigned to alpha
Column 10 in file geotopsim_intercomparison/superslab_norain/in/soil-classes/soil0019.txt assigned to n
Column 12 in file geotopsim_intercomparison/superslab_norain/in/soil-classes/soil0019.txt assigned to stor
Column 1 in file geotopsim_intercomparison/superslab_norain/in/soil-classes/soil0020.txt assigned to Dz
Column 11 in file geotopsim_intercomparison/superslab_norain/in/soil-classes/soil0020.txt assigned to InitPsi
Column 4 in file geotopsim_intercomparison/superslab_norain/in/soil-classes/soil0020.txt assigned to Kv
Column 3 in file geotopsim_intercomparison/superslab_norain/in/soil-classes/soil0020.txt assigned to Kh
Column 5 in file geotopsim_intercomparison/superslab_norain/in/soil-classes/soil0020.txt assigned to vwc_r
Column 6 in file geotopsim_intercomparison/superslab_norain/in/soil-classes/soil0020.txt assigned to vwc_w
Column 7 in file geotopsim_intercomparison/superslab_norain/in/soil-classes/soil0020.txt assigned to vwc_fc
Column 8 in file geotopsim_intercomparison/superslab_norain/in/soil-classes/soil0020.txt assigned to vwc_s
Column 9 in file geotopsim_intercomparison/superslab_norain/in/soil-classes/soil0020.txt assigned to alpha
Column 10 in file geotopsim_intercomparison/superslab_norain/in/soil-classes/soil0020.txt assigned to n
Column 12 in file geotopsim_intercomparison/superslab_norain/in/soil-classes/soil0020.txt assigned to stor
Column 1 in file geotopsim_intercomparison/superslab_norain/in/soil-classes/soil0021.txt assigned to Dz
Column 11 in file geotopsim_intercomparison/superslab_norain/in/soil-classes/soil0021.txt assigned to InitPsi
Column 4 in file geotopsim_intercomparison/superslab_norain/in/soil-classes/soil0021.txt assigned to Kv
Column 3 in file geotopsim_intercomparison/superslab_norain/in/soil-classes/soil0021.txt assigned to Kh
Column 5 in file geotopsim_intercomparison/superslab_norain/in/soil-classes/soil0021.txt assigned to vwc_r
Column 6 in file geotopsim_intercomparison/superslab_norain/in/soil-classes/soil0021.txt assigned to vwc_w
Column 7 in file geotopsim_intercomparison/superslab_norain/in/soil-classes/soil0021.txt assigned to vwc_fc
Column 8 in file geotopsim_intercomparison/superslab_norain/in/soil-classes/soil0021.txt assigned to vwc_s
Column 9 in file geotopsim_intercomparison/superslab_norain/in/soil-classes/soil0021.txt assigned to alpha
Column 10 in file geotopsim_intercomparison/superslab_norain/in/soil-classes/soil0021.txt assigned to n
Column 12 in file geotopsim_intercomparison/superslab_norain/in/soil-classes/soil0021.txt assigned to stor
Column 1 in file geotopsim_intercomparison/superslab_norain/in/soil-classes/soil0022.txt assigned to Dz
Column 11 in file geotopsim_intercomparison/superslab_norain/in/soil-classes/soil0022.txt assigned to InitPsi
Column 4 in file geotopsim_intercomparison/superslab_norain/in/soil-classes/soil0022.txt assigned to Kv
Column 3 in file geotopsim_intercomparison/superslab_norain/in/soil-classes/soil0022.txt assigned to Kh
Column 5 in file geotopsim_intercomparison/superslab_norain/in/soil-classes/soil0022.txt assigned to vwc_r
Column 6 in file geotopsim_intercomparison/superslab_norain/in/soil-classes/soil0022.txt assigned to vwc_w
Column 7 in file geotopsim_intercomparison/superslab_norain/in/soil-classes/soil0022.txt assigned to vwc_fc
Column 8 in file geotopsim_intercomparison/superslab_norain/in/soil-classes/soil0022.txt assigned to vwc_s
Column 9 in file geotopsim_intercomparison/superslab_norain/in/soil-classes/soil0022.txt assigned to alpha
Column 10 in file geotopsim_intercomparison/superslab_norain/in/soil-classes/soil0022.txt assigned to n
Column 12 in file geotopsim_intercomparison/superslab_norain/in/soil-classes/soil0022.txt assigned to stor
Column 1 in file geotopsim_intercomparison/superslab_norain/in/soil-classes/soil0023.txt assigned to Dz
Column 11 in file geotopsim_intercomparison/superslab_norain/in/soil-classes/soil0023.txt assigned to InitPsi
Column 4 in file geotopsim_intercomparison/superslab_norain/in/soil-classes/soil0023.txt assigned to Kv
Column 3 in file geotopsim_intercomparison/superslab_norain/in/soil-classes/soil0023.txt assigned to Kh
Column 5 in file geotopsim_intercomparison/superslab_norain/in/soil-classes/soil0023.txt assigned to vwc_r
Column 6 in file geotopsim_intercomparison/superslab_norain/in/soil-classes/soil0023.txt assigned to vwc_w
Column 7 in file geotopsim_intercomparison/superslab_norain/in/soil-classes/soil0023.txt assigned to vwc_fc
Column 8 in file geotopsim_intercomparison/superslab_norain/in/soil-classes/soil0023.txt assigned to vwc_s
Column 9 in file geotopsim_intercomparison/superslab_norain/in/soil-classes/soil0023.txt assigned to alpha
Column 10 in file geotopsim_intercomparison/superslab_norain/in/soil-classes/soil0023.txt assigned to n
Column 12 in file geotopsim_intercomparison/superslab_norain/in/soil-classes/soil0023.txt assigned to stor
Column 1 in file geotopsim_intercomparison/superslab_norain/in/soil-classes/soil0024.txt assigned to Dz
Column 11 in file geotopsim_intercomparison/superslab_norain/in/soil-classes/soil0024.txt assigned to InitPsi
Column 4 in file geotopsim_intercomparison/superslab_norain/in/soil-classes/soil0024.txt assigned to Kv
Column 3 in file geotopsim_intercomparison/superslab_norain/in/soil-classes/soil0024.txt assigned to Kh
Column 5 in file geotopsim_intercomparison/superslab_norain/in/soil-classes/soil0024.txt assigned to vwc_r
Column 6 in file geotopsim_intercomparison/superslab_norain/in/soil-classes/soil0024.txt assigned to vwc_w
Column 7 in file geotopsim_intercomparison/superslab_norain/in/soil-classes/soil0024.txt assigned to vwc_fc
Column 8 in file geotopsim_intercomparison/superslab_norain/in/soil-classes/soil0024.txt assigned to vwc_s
Column 9 in file geotopsim_intercomparison/superslab_norain/in/soil-classes/soil0024.txt assigned to alpha
Column 10 in file geotopsim_intercomparison/superslab_norain/in/soil-classes/soil0024.txt assigned to n
Column 12 in file geotopsim_intercomparison/superslab_norain/in/soil-classes/soil0024.txt assigned to stor
Column 1 in file geotopsim_intercomparison/superslab_norain/in/soil-classes/soil0025.txt assigned to Dz
Column 11 in file geotopsim_intercomparison/superslab_norain/in/soil-classes/soil0025.txt assigned to InitPsi
Column 4 in file geotopsim_intercomparison/superslab_norain/in/soil-classes/soil0025.txt assigned to Kv
Column 3 in file geotopsim_intercomparison/superslab_norain/in/soil-classes/soil0025.txt assigned to Kh
Column 5 in file geotopsim_intercomparison/superslab_norain/in/soil-classes/soil0025.txt assigned to vwc_r
Column 6 in file geotopsim_intercomparison/superslab_norain/in/soil-classes/soil0025.txt assigned to vwc_w
Column 7 in file geotopsim_intercomparison/superslab_norain/in/soil-classes/soil0025.txt assigned to vwc_fc
Column 8 in file geotopsim_intercomparison/superslab_norain/in/soil-classes/soil0025.txt assigned to vwc_s
Column 9 in file geotopsim_intercomparison/superslab_norain/in/soil-classes/soil0025.txt assigned to alpha
Column 10 in file geotopsim_intercomparison/superslab_norain/in/soil-classes/soil0025.txt assigned to n
Column 12 in file geotopsim_intercomparison/superslab_norain/in/soil-classes/soil0025.txt assigned to stor
Column 1 in file geotopsim_intercomparison/superslab_norain/in/soil-classes/soil0026.txt assigned to Dz
Column 11 in file geotopsim_intercomparison/superslab_norain/in/soil-classes/soil0026.txt assigned to InitPsi
Column 4 in file geotopsim_intercomparison/superslab_norain/in/soil-classes/soil0026.txt assigned to Kv
Column 3 in file geotopsim_intercomparison/superslab_norain/in/soil-classes/soil0026.txt assigned to Kh
Column 5 in file geotopsim_intercomparison/superslab_norain/in/soil-classes/soil0026.txt assigned to vwc_r
Column 6 in file geotopsim_intercomparison/superslab_norain/in/soil-classes/soil0026.txt assigned to vwc_w
Column 7 in file geotopsim_intercomparison/superslab_norain/in/soil-classes/soil0026.txt assigned to vwc_fc
Column 8 in file geotopsim_intercomparison/superslab_norain/in/soil-classes/soil0026.txt assigned to vwc_s
Column 9 in file geotopsim_intercomparison/superslab_norain/in/soil-classes/soil0026.txt assigned to alpha
Column 10 in file geotopsim_intercomparison/superslab_norain/in/soil-classes/soil0026.txt assigned to n
Column 12 in file geotopsim_intercomparison/superslab_norain/in/soil-classes/soil0026.txt assigned to stor
Column 1 in file geotopsim_intercomparison/superslab_norain/in/soil-classes/soil0027.txt assigned to Dz
Column 11 in file geotopsim_intercomparison/superslab_norain/in/soil-classes/soil0027.txt assigned to InitPsi
Column 4 in file geotopsim_intercomparison/superslab_norain/in/soil-classes/soil0027.txt assigned to Kv
Column 3 in file geotopsim_intercomparison/superslab_norain/in/soil-classes/soil0027.txt assigned to Kh
Column 5 in file geotopsim_intercomparison/superslab_norain/in/soil-classes/soil0027.txt assigned to vwc_r
Column 6 in file geotopsim_intercomparison/superslab_norain/in/soil-classes/soil0027.txt assigned to vwc_w
Column 7 in file geotopsim_intercomparison/superslab_norain/in/soil-classes/soil0027.txt assigned to vwc_fc
Column 8 in file geotopsim_intercomparison/superslab_norain/in/soil-classes/soil0027.txt assigned to vwc_s
Column 9 in file geotopsim_intercomparison/superslab_norain/in/soil-classes/soil0027.txt assigned to alpha
Column 10 in file geotopsim_intercomparison/superslab_norain/in/soil-classes/soil0027.txt assigned to n
Column 12 in file geotopsim_intercomparison/superslab_norain/in/soil-classes/soil0027.txt assigned to stor
Column 1 in file geotopsim_intercomparison/superslab_norain/in/soil-classes/soil0028.txt assigned to Dz
Column 11 in file geotopsim_intercomparison/superslab_norain/in/soil-classes/soil0028.txt assigned to InitPsi
Column 4 in file geotopsim_intercomparison/superslab_norain/in/soil-classes/soil0028.txt assigned to Kv
Column 3 in file geotopsim_intercomparison/superslab_norain/in/soil-classes/soil0028.txt assigned to Kh
Column 5 in file geotopsim_intercomparison/superslab_norain/in/soil-classes/soil0028.txt assigned to vwc_r
Column 6 in file geotopsim_intercomparison/superslab_norain/in/soil-classes/soil0028.txt assigned to vwc_w
Column 7 in file geotopsim_intercomparison/superslab_norain/in/soil-classes/soil0028.txt assigned to vwc_fc
Column 8 in file geotopsim_intercomparison/superslab_norain/in/soil-classes/soil0028.txt assigned to vwc_s
Column 9 in file geotopsim_intercomparison/superslab_norain/in/soil-classes/soil0028.txt assigned to alpha
Column 10 in file geotopsim_intercomparison/superslab_norain/in/soil-classes/soil0028.txt assigned to n
Column 12 in file geotopsim_intercomparison/superslab_norain/in/soil-classes/soil0028.txt assigned to stor
Column 1 in file geotopsim_intercomparison/superslab_norain/in/soil-classes/soil0029.txt assigned to Dz
Column 11 in file geotopsim_intercomparison/superslab_norain/in/soil-classes/soil0029.txt assigned to InitPsi
Column 4 in file geotopsim_intercomparison/superslab_norain/in/soil-classes/soil0029.txt assigned to Kv
Column 3 in file geotopsim_intercomparison/superslab_norain/in/soil-classes/soil0029.txt assigned to Kh
Column 5 in file geotopsim_intercomparison/superslab_norain/in/soil-classes/soil0029.txt assigned to vwc_r
Column 6 in file geotopsim_intercomparison/superslab_norain/in/soil-classes/soil0029.txt assigned to vwc_w
Column 7 in file geotopsim_intercomparison/superslab_norain/in/soil-classes/soil0029.txt assigned to vwc_fc
Column 8 in file geotopsim_intercomparison/superslab_norain/in/soil-classes/soil0029.txt assigned to vwc_s
Column 9 in file geotopsim_intercomparison/superslab_norain/in/soil-classes/soil0029.txt assigned to alpha
Column 10 in file geotopsim_intercomparison/superslab_norain/in/soil-classes/soil0029.txt assigned to n
Column 12 in file geotopsim_intercomparison/superslab_norain/in/soil-classes/soil0029.txt assigned to stor
Column 1 in file geotopsim_intercomparison/superslab_norain/in/soil-classes/soil0030.txt assigned to Dz
Column 11 in file geotopsim_intercomparison/superslab_norain/in/soil-classes/soil0030.txt assigned to InitPsi
Column 4 in file geotopsim_intercomparison/superslab_norain/in/soil-classes/soil0030.txt assigned to Kv
Column 3 in file geotopsim_intercomparison/superslab_norain/in/soil-classes/soil0030.txt assigned to Kh
Column 5 in file geotopsim_intercomparison/superslab_norain/in/soil-classes/soil0030.txt assigned to vwc_r
Column 6 in file geotopsim_intercomparison/superslab_norain/in/soil-classes/soil0030.txt assigned to vwc_w
Column 7 in file geotopsim_intercomparison/superslab_norain/in/soil-classes/soil0030.txt assigned to vwc_fc
Column 8 in file geotopsim_intercomparison/superslab_norain/in/soil-classes/soil0030.txt assigned to vwc_s
Column 9 in file geotopsim_intercomparison/superslab_norain/in/soil-classes/soil0030.txt assigned to alpha
Column 10 in file geotopsim_intercomparison/superslab_norain/in/soil-classes/soil0030.txt assigned to n
Column 12 in file geotopsim_intercomparison/superslab_norain/in/soil-classes/soil0030.txt assigned to stor
Column 1 in file geotopsim_intercomparison/superslab_norain/in/soil-classes/soil0031.txt assigned to Dz
Column 11 in file geotopsim_intercomparison/superslab_norain/in/soil-classes/soil0031.txt assigned to InitPsi
Column 4 in file geotopsim_intercomparison/superslab_norain/in/soil-classes/soil0031.txt assigned to Kv
Column 3 in file geotopsim_intercomparison/superslab_norain/in/soil-classes/soil0031.txt assigned to Kh
Column 5 in file geotopsim_intercomparison/superslab_norain/in/soil-classes/soil0031.txt assigned to vwc_r
Column 6 in file geotopsim_intercomparison/superslab_norain/in/soil-classes/soil0031.txt assigned to vwc_w
Column 7 in file geotopsim_intercomparison/superslab_norain/in/soil-classes/soil0031.txt assigned to vwc_fc
Column 8 in file geotopsim_intercomparison/superslab_norain/in/soil-classes/soil0031.txt assigned to vwc_s
Column 9 in file geotopsim_intercomparison/superslab_norain/in/soil-classes/soil0031.txt assigned to alpha
Column 10 in file geotopsim_intercomparison/superslab_norain/in/soil-classes/soil0031.txt assigned to n
Column 12 in file geotopsim_intercomparison/superslab_norain/in/soil-classes/soil0031.txt assigned to stor
Column 1 in file geotopsim_intercomparison/superslab_norain/in/soil-classes/soil0032.txt assigned to Dz
Column 11 in file geotopsim_intercomparison/superslab_norain/in/soil-classes/soil0032.txt assigned to InitPsi
Column 4 in file geotopsim_intercomparison/superslab_norain/in/soil-classes/soil0032.txt assigned to Kv
Column 3 in file geotopsim_intercomparison/superslab_norain/in/soil-classes/soil0032.txt assigned to Kh
Column 5 in file geotopsim_intercomparison/superslab_norain/in/soil-classes/soil0032.txt assigned to vwc_r
Column 6 in file geotopsim_intercomparison/superslab_norain/in/soil-classes/soil0032.txt assigned to vwc_w
Column 7 in file geotopsim_intercomparison/superslab_norain/in/soil-classes/soil0032.txt assigned to vwc_fc
Column 8 in file geotopsim_intercomparison/superslab_norain/in/soil-classes/soil0032.txt assigned to vwc_s
Column 9 in file geotopsim_intercomparison/superslab_norain/in/soil-classes/soil0032.txt assigned to alpha
Column 10 in file geotopsim_intercomparison/superslab_norain/in/soil-classes/soil0032.txt assigned to n
Column 12 in file geotopsim_intercomparison/superslab_norain/in/soil-classes/soil0032.txt assigned to stor
Column 1 in file geotopsim_intercomparison/superslab_norain/in/soil-classes/soil0033.txt assigned to Dz
Column 11 in file geotopsim_intercomparison/superslab_norain/in/soil-classes/soil0033.txt assigned to InitPsi
Column 4 in file geotopsim_intercomparison/superslab_norain/in/soil-classes/soil0033.txt assigned to Kv
Column 3 in file geotopsim_intercomparison/superslab_norain/in/soil-classes/soil0033.txt assigned to Kh
Column 5 in file geotopsim_intercomparison/superslab_norain/in/soil-classes/soil0033.txt assigned to vwc_r
Column 6 in file geotopsim_intercomparison/superslab_norain/in/soil-classes/soil0033.txt assigned to vwc_w
Column 7 in file geotopsim_intercomparison/superslab_norain/in/soil-classes/soil0033.txt assigned to vwc_fc
Column 8 in file geotopsim_intercomparison/superslab_norain/in/soil-classes/soil0033.txt assigned to vwc_s
Column 9 in file geotopsim_intercomparison/superslab_norain/in/soil-classes/soil0033.txt assigned to alpha
Column 10 in file geotopsim_intercomparison/superslab_norain/in/soil-classes/soil0033.txt assigned to n
Column 12 in file geotopsim_intercomparison/superslab_norain/in/soil-classes/soil0033.txt assigned to stor
Column 1 in file geotopsim_intercomparison/superslab_norain/in/soil-classes/soil0034.txt assigned to Dz
Column 11 in file geotopsim_intercomparison/superslab_norain/in/soil-classes/soil0034.txt assigned to InitPsi
Column 4 in file geotopsim_intercomparison/superslab_norain/in/soil-classes/soil0034.txt assigned to Kv
Column 3 in file geotopsim_intercomparison/superslab_norain/in/soil-classes/soil0034.txt assigned to Kh
Column 5 in file geotopsim_intercomparison/superslab_norain/in/soil-classes/soil0034.txt assigned to vwc_r
Column 6 in file geotopsim_intercomparison/superslab_norain/in/soil-classes/soil0034.txt assigned to vwc_w
Column 7 in file geotopsim_intercomparison/superslab_norain/in/soil-classes/soil0034.txt assigned to vwc_fc
Column 8 in file geotopsim_intercomparison/superslab_norain/in/soil-classes/soil0034.txt assigned to vwc_s
Column 9 in file geotopsim_intercomparison/superslab_norain/in/soil-classes/soil0034.txt assigned to alpha
Column 10 in file geotopsim_intercomparison/superslab_norain/in/soil-classes/soil0034.txt assigned to n
Column 12 in file geotopsim_intercomparison/superslab_norain/in/soil-classes/soil0034.txt assigned to stor
Column 1 in file geotopsim_intercomparison/superslab_norain/in/soil-classes/soil0035.txt assigned to Dz
Column 11 in file geotopsim_intercomparison/superslab_norain/in/soil-classes/soil0035.txt assigned to InitPsi
Column 4 in file geotopsim_intercomparison/superslab_norain/in/soil-classes/soil0035.txt assigned to Kv
Column 3 in file geotopsim_intercomparison/superslab_norain/in/soil-classes/soil0035.txt assigned to Kh
Column 5 in file geotopsim_intercomparison/superslab_norain/in/soil-classes/soil0035.txt assigned to vwc_r
Column 6 in file geotopsim_intercomparison/superslab_norain/in/soil-classes/soil0035.txt assigned to vwc_w
Column 7 in file geotopsim_intercomparison/superslab_norain/in/soil-classes/soil0035.txt assigned to vwc_fc
Column 8 in file geotopsim_intercomparison/superslab_norain/in/soil-classes/soil0035.txt assigned to vwc_s
Column 9 in file geotopsim_intercomparison/superslab_norain/in/soil-classes/soil0035.txt assigned to alpha
Column 10 in file geotopsim_intercomparison/superslab_norain/in/soil-classes/soil0035.txt assigned to n
Column 12 in file geotopsim_intercomparison/superslab_norain/in/soil-classes/soil0035.txt assigned to stor
Column 1 in file geotopsim_intercomparison/superslab_norain/in/soil-classes/soil0036.txt assigned to Dz
Column 11 in file geotopsim_intercomparison/superslab_norain/in/soil-classes/soil0036.txt assigned to InitPsi
Column 4 in file geotopsim_intercomparison/superslab_norain/in/soil-classes/soil0036.txt assigned to Kv
Column 3 in file geotopsim_intercomparison/superslab_norain/in/soil-classes/soil0036.txt assigned to Kh
Column 5 in file geotopsim_intercomparison/superslab_norain/in/soil-classes/soil0036.txt assigned to vwc_r
Column 6 in file geotopsim_intercomparison/superslab_norain/in/soil-classes/soil0036.txt assigned to vwc_w
Column 7 in file geotopsim_intercomparison/superslab_norain/in/soil-classes/soil0036.txt assigned to vwc_fc
Column 8 in file geotopsim_intercomparison/superslab_norain/in/soil-classes/soil0036.txt assigned to vwc_s
Column 9 in file geotopsim_intercomparison/superslab_norain/in/soil-classes/soil0036.txt assigned to alpha
Column 10 in file geotopsim_intercomparison/superslab_norain/in/soil-classes/soil0036.txt assigned to n
Column 12 in file geotopsim_intercomparison/superslab_norain/in/soil-classes/soil0036.txt assigned to stor
Column 1 in file geotopsim_intercomparison/superslab_norain/in/soil-classes/soil0037.txt assigned to Dz
Column 11 in file geotopsim_intercomparison/superslab_norain/in/soil-classes/soil0037.txt assigned to InitPsi
Column 4 in file geotopsim_intercomparison/superslab_norain/in/soil-classes/soil0037.txt assigned to Kv
Column 3 in file geotopsim_intercomparison/superslab_norain/in/soil-classes/soil0037.txt assigned to Kh
Column 5 in file geotopsim_intercomparison/superslab_norain/in/soil-classes/soil0037.txt assigned to vwc_r
Column 6 in file geotopsim_intercomparison/superslab_norain/in/soil-classes/soil0037.txt assigned to vwc_w
Column 7 in file geotopsim_intercomparison/superslab_norain/in/soil-classes/soil0037.txt assigned to vwc_fc
Column 8 in file geotopsim_intercomparison/superslab_norain/in/soil-classes/soil0037.txt assigned to vwc_s
Column 9 in file geotopsim_intercomparison/superslab_norain/in/soil-classes/soil0037.txt assigned to alpha
Column 10 in file geotopsim_intercomparison/superslab_norain/in/soil-classes/soil0037.txt assigned to n
Column 12 in file geotopsim_intercomparison/superslab_norain/in/soil-classes/soil0037.txt assigned to stor
Column 1 in file geotopsim_intercomparison/superslab_norain/in/soil-classes/soil0038.txt assigned to Dz
Column 11 in file geotopsim_intercomparison/superslab_norain/in/soil-classes/soil0038.txt assigned to InitPsi
Column 4 in file geotopsim_intercomparison/superslab_norain/in/soil-classes/soil0038.txt assigned to Kv
Column 3 in file geotopsim_intercomparison/superslab_norain/in/soil-classes/soil0038.txt assigned to Kh
Column 5 in file geotopsim_intercomparison/superslab_norain/in/soil-classes/soil0038.txt assigned to vwc_r
Column 6 in file geotopsim_intercomparison/superslab_norain/in/soil-classes/soil0038.txt assigned to vwc_w
Column 7 in file geotopsim_intercomparison/superslab_norain/in/soil-classes/soil0038.txt assigned to vwc_fc
Column 8 in file geotopsim_intercomparison/superslab_norain/in/soil-classes/soil0038.txt assigned to vwc_s
Column 9 in file geotopsim_intercomparison/superslab_norain/in/soil-classes/soil0038.txt assigned to alpha
Column 10 in file geotopsim_intercomparison/superslab_norain/in/soil-classes/soil0038.txt assigned to n
Column 12 in file geotopsim_intercomparison/superslab_norain/in/soil-classes/soil0038.txt assigned to stor
Column 1 in file geotopsim_intercomparison/superslab_norain/in/soil-classes/soil0039.txt assigned to Dz
Column 11 in file geotopsim_intercomparison/superslab_norain/in/soil-classes/soil0039.txt assigned to InitPsi
Column 4 in file geotopsim_intercomparison/superslab_norain/in/soil-classes/soil0039.txt assigned to Kv
Column 3 in file geotopsim_intercomparison/superslab_norain/in/soil-classes/soil0039.txt assigned to Kh
Column 5 in file geotopsim_intercomparison/superslab_norain/in/soil-classes/soil0039.txt assigned to vwc_r
Column 6 in file geotopsim_intercomparison/superslab_norain/in/soil-classes/soil0039.txt assigned to vwc_w
Column 7 in file geotopsim_intercomparison/superslab_norain/in/soil-classes/soil0039.txt assigned to vwc_fc
Column 8 in file geotopsim_intercomparison/superslab_norain/in/soil-classes/soil0039.txt assigned to vwc_s
Column 9 in file geotopsim_intercomparison/superslab_norain/in/soil-classes/soil0039.txt assigned to alpha
Column 10 in file geotopsim_intercomparison/superslab_norain/in/soil-classes/soil0039.txt assigned to n
Column 12 in file geotopsim_intercomparison/superslab_norain/in/soil-classes/soil0039.txt assigned to stor
Column 1 in file geotopsim_intercomparison/superslab_norain/in/soil-classes/soil0040.txt assigned to Dz
Column 11 in file geotopsim_intercomparison/superslab_norain/in/soil-classes/soil0040.txt assigned to InitPsi
Column 4 in file geotopsim_intercomparison/superslab_norain/in/soil-classes/soil0040.txt assigned to Kv
Column 3 in file geotopsim_intercomparison/superslab_norain/in/soil-classes/soil0040.txt assigned to Kh
Column 5 in file geotopsim_intercomparison/superslab_norain/in/soil-classes/soil0040.txt assigned to vwc_r
Column 6 in file geotopsim_intercomparison/superslab_norain/in/soil-classes/soil0040.txt assigned to vwc_w
Column 7 in file geotopsim_intercomparison/superslab_norain/in/soil-classes/soil0040.txt assigned to vwc_fc
Column 8 in file geotopsim_intercomparison/superslab_norain/in/soil-classes/soil0040.txt assigned to vwc_s
Column 9 in file geotopsim_intercomparison/superslab_norain/in/soil-classes/soil0040.txt assigned to alpha
Column 10 in file geotopsim_intercomparison/superslab_norain/in/soil-classes/soil0040.txt assigned to n
Column 12 in file geotopsim_intercomparison/superslab_norain/in/soil-classes/soil0040.txt assigned to stor
Column 1 in file geotopsim_intercomparison/superslab_norain/in/soil-classes/soil0041.txt assigned to Dz
Column 11 in file geotopsim_intercomparison/superslab_norain/in/soil-classes/soil0041.txt assigned to InitPsi
Column 4 in file geotopsim_intercomparison/superslab_norain/in/soil-classes/soil0041.txt assigned to Kv
Column 3 in file geotopsim_intercomparison/superslab_norain/in/soil-classes/soil0041.txt assigned to Kh
Column 5 in file geotopsim_intercomparison/superslab_norain/in/soil-classes/soil0041.txt assigned to vwc_r
Column 6 in file geotopsim_intercomparison/superslab_norain/in/soil-classes/soil0041.txt assigned to vwc_w
Column 7 in file geotopsim_intercomparison/superslab_norain/in/soil-classes/soil0041.txt assigned to vwc_fc
Column 8 in file geotopsim_intercomparison/superslab_norain/in/soil-classes/soil0041.txt assigned to vwc_s
Column 9 in file geotopsim_intercomparison/superslab_norain/in/soil-classes/soil0041.txt assigned to alpha
Column 10 in file geotopsim_intercomparison/superslab_norain/in/soil-classes/soil0041.txt assigned to n
Column 12 in file geotopsim_intercomparison/superslab_norain/in/soil-classes/soil0041.txt assigned to stor
Column 1 in file geotopsim_intercomparison/superslab_norain/in/soil-classes/soil0042.txt assigned to Dz
Column 11 in file geotopsim_intercomparison/superslab_norain/in/soil-classes/soil0042.txt assigned to InitPsi
Column 4 in file geotopsim_intercomparison/superslab_norain/in/soil-classes/soil0042.txt assigned to Kv
Column 3 in file geotopsim_intercomparison/superslab_norain/in/soil-classes/soil0042.txt assigned to Kh
Column 5 in file geotopsim_intercomparison/superslab_norain/in/soil-classes/soil0042.txt assigned to vwc_r
Column 6 in file geotopsim_intercomparison/superslab_norain/in/soil-classes/soil0042.txt assigned to vwc_w
Column 7 in file geotopsim_intercomparison/superslab_norain/in/soil-classes/soil0042.txt assigned to vwc_fc
Column 8 in file geotopsim_intercomparison/superslab_norain/in/soil-classes/soil0042.txt assigned to vwc_s
Column 9 in file geotopsim_intercomparison/superslab_norain/in/soil-classes/soil0042.txt assigned to alpha
Column 10 in file geotopsim_intercomparison/superslab_norain/in/soil-classes/soil0042.txt assigned to n
Column 12 in file geotopsim_intercomparison/superslab_norain/in/soil-classes/soil0042.txt assigned to stor
Column 1 in file geotopsim_intercomparison/superslab_norain/in/soil-classes/soil0043.txt assigned to Dz
Column 11 in file geotopsim_intercomparison/superslab_norain/in/soil-classes/soil0043.txt assigned to InitPsi
Column 4 in file geotopsim_intercomparison/superslab_norain/in/soil-classes/soil0043.txt assigned to Kv
Column 3 in file geotopsim_intercomparison/superslab_norain/in/soil-classes/soil0043.txt assigned to Kh
Column 5 in file geotopsim_intercomparison/superslab_norain/in/soil-classes/soil0043.txt assigned to vwc_r
Column 6 in file geotopsim_intercomparison/superslab_norain/in/soil-classes/soil0043.txt assigned to vwc_w
Column 7 in file geotopsim_intercomparison/superslab_norain/in/soil-classes/soil0043.txt assigned to vwc_fc
Column 8 in file geotopsim_intercomparison/superslab_norain/in/soil-classes/soil0043.txt assigned to vwc_s
Column 9 in file geotopsim_intercomparison/superslab_norain/in/soil-classes/soil0043.txt assigned to alpha
Column 10 in file geotopsim_intercomparison/superslab_norain/in/soil-classes/soil0043.txt assigned to n
Column 12 in file geotopsim_intercomparison/superslab_norain/in/soil-classes/soil0043.txt assigned to stor
Column 1 in file geotopsim_intercomparison/superslab_norain/in/soil-classes/soil0044.txt assigned to Dz
Column 11 in file geotopsim_intercomparison/superslab_norain/in/soil-classes/soil0044.txt assigned to InitPsi
Column 4 in file geotopsim_intercomparison/superslab_norain/in/soil-classes/soil0044.txt assigned to Kv
Column 3 in file geotopsim_intercomparison/superslab_norain/in/soil-classes/soil0044.txt assigned to Kh
Column 5 in file geotopsim_intercomparison/superslab_norain/in/soil-classes/soil0044.txt assigned to vwc_r
Column 6 in file geotopsim_intercomparison/superslab_norain/in/soil-classes/soil0044.txt assigned to vwc_w
Column 7 in file geotopsim_intercomparison/superslab_norain/in/soil-classes/soil0044.txt assigned to vwc_fc
Column 8 in file geotopsim_intercomparison/superslab_norain/in/soil-classes/soil0044.txt assigned to vwc_s
Column 9 in file geotopsim_intercomparison/superslab_norain/in/soil-classes/soil0044.txt assigned to alpha
Column 10 in file geotopsim_intercomparison/superslab_norain/in/soil-classes/soil0044.txt assigned to n
Column 12 in file geotopsim_intercomparison/superslab_norain/in/soil-classes/soil0044.txt assigned to stor
Warning: The points to plot specific results are not completely specified
Output for single point output is deactivated.
Attempting to read 'DemFile' in the file 'geotopsim_intercomparison/superslab_norain/in/dem': EXISTING in format 3
geotopsim_intercomparison/superslab_norain/in/dem
Attempting to read 'LandCoverMapFile' in the file 'geotopsim_intercomparison/superslab_norain/in/land': EXISTING in format 3
geotopsim_intercomparison/superslab_norain/in/land
Attempting to read 'SkyViewFactorMapFile' in the file 'none': not present in file list
Attempting to read 'DaysDelayMapFile' in the file 'none': not present in file list
Attempting to read 'SoilMapFile' in the file 'geotopsim_intercomparison/superslab_norain/in/soiltype': EXISTING in format 3
geotopsim_intercomparison/superslab_norain/in/soiltype
Attempting to read 'SlopeMapFile' in the file 'geotopsim_intercomparison/superslab_norain/in/slope': EXISTING in format 3
geotopsim_intercomparison/superslab_norain/in/slope
Slope Min:0.100000 (5.710593 deg) Max:0.100000 (5.710593 deg) 
Attempting to read 'AspectMapFile' in the file 'none': not present in file list
Curvature N-S Min:0.000000  Max:0.000000 
Curvature W-E Min:-0.000000  Max:0.000000 
Curvature NW-SE Min:-0.000000  Max:0.000000 
Curvature NE-SW Min:-0.000000  Max:0.000000 
Attempting to read 'RiverNetwork' in the file 'geotopsim_intercomparison/superslab_norain/in/net': EXISTI